This file contains any messages produced by compilers while
running configure, to aid debugging if configure makes a mistake.

It was created by PR configure 0.0.1, which was
generated by GNU Autoconf 2.69.  Invocation command line was

  $ ./configure --no-create --no-recursion

## --------- ##
## Platform. ##
## --------- ##

hostname = yoga-de-weida
uname -m = x86_64
uname -r = 5.15.90.1-microsoft-standard-WSL2
uname -s = Linux
uname -v = #1 SMP Fri Jan 27 02:56:13 UTC 2023

/usr/bin/uname -p = x86_64
/bin/uname -X     = unknown

/bin/arch              = x86_64
/usr/bin/arch -k       = unknown
/usr/convex/getsysinfo = unknown
/usr/bin/hostinfo      = unknown
/bin/machine           = unknown
/usr/bin/oslevel       = unknown
/bin/universe          = unknown

PATH: /sbin
PATH: /bin
PATH: /usr/bin
PATH: /usr/local/bin
PATH: /snap/bin


## ----------- ##
## Core tests. ##
## ----------- ##

configure:1890: checking for a BSD-compatible install
configure:1958: result: /bin/install -c
configure:1969: checking whether build environment is sane
configure:2024: result: yes
configure:2173: checking for a thread-safe mkdir -p
configure:2212: result: /bin/mkdir -p
configure:2219: checking for gawk
configure:2235: found /bin/gawk
configure:2246: result: gawk
configure:2257: checking whether make sets $(MAKE)
configure:2279: result: yes
configure:2308: checking whether make supports nested variables
configure:2325: result: yes
configure:2513: checking for gcc
configure:2529: found /bin/gcc
configure:2540: result: gcc
configure:2769: checking for C compiler version
configure:2778: gcc --version >&5
gcc (Ubuntu 9.4.0-1ubuntu1~20.04.2) 9.4.0
Copyright (C) 2019 Free Software Foundation, Inc.
This is free software; see the source for copying conditions.  There is NO
warranty; not even for MERCHANTABILITY or FITNESS FOR A PARTICULAR PURPOSE.

configure:2789: $? = 0
configure:2778: gcc -v >&5
Using built-in specs.
COLLECT_GCC=gcc
COLLECT_LTO_WRAPPER=/usr/lib/gcc/x86_64-linux-gnu/9/lto-wrapper
OFFLOAD_TARGET_NAMES=nvptx-none:hsa
OFFLOAD_TARGET_DEFAULT=1
Target: x86_64-linux-gnu
Configured with: ../src/configure -v --with-pkgversion='Ubuntu 9.4.0-1ubuntu1~20.04.2' --with-bugurl=file:///usr/share/doc/gcc-9/README.Bugs --enable-languages=c,ada,c++,go,brig,d,fortran,objc,obj-c++,gm2 --prefix=/usr --with-gcc-major-version-only --program-suffix=-9 --program-prefix=x86_64-linux-gnu- --enable-shared --enable-linker-build-id --libexecdir=/usr/lib --without-included-gettext --enable-threads=posix --libdir=/usr/lib --enable-nls --enable-clocale=gnu --enable-libstdcxx-debug --enable-libstdcxx-time=yes --with-default-libstdcxx-abi=new --enable-gnu-unique-object --disable-vtable-verify --enable-plugin --enable-default-pie --with-system-zlib --with-target-system-zlib=auto --enable-objc-gc=auto --enable-multiarch --disable-werror --with-arch-32=i686 --with-abi=m64 --with-multilib-list=m32,m64,mx32 --enable-multilib --with-tune=generic --enable-offload-targets=nvptx-none=/build/gcc-9-9QDOt0/gcc-9-9.4.0/debian/tmp-nvptx/usr,hsa --without-cuda-driver --enable-checking=release --build=x86_64-linux-gnu --host=x86_64-linux-gnu --target=x86_64-linux-gnu
Thread model: posix
gcc version 9.4.0 (Ubuntu 9.4.0-1ubuntu1~20.04.2) 
configure:2789: $? = 0
configure:2778: gcc -V >&5
gcc: error: unrecognized command line option '-V'
gcc: fatal error: no input files
compilation terminated.
configure:2789: $? = 1
configure:2778: gcc -qversion >&5
gcc: error: unrecognized command line option '-qversion'; did you mean '--version'?
gcc: fatal error: no input files
compilation terminated.
configure:2789: $? = 1
configure:2809: checking whether the C compiler works
configure:2831: gcc    conftest.c  >&5
configure:2835: $? = 0
configure:2883: result: yes
configure:2886: checking for C compiler default output file name
configure:2888: result: a.out
configure:2894: checking for suffix of executables
configure:2901: gcc -o conftest    conftest.c  >&5
configure:2905: $? = 0
configure:2927: result: 
configure:2949: checking whether we are cross compiling
configure:2957: gcc -o conftest    conftest.c  >&5
configure:2961: $? = 0
configure:2968: ./conftest
configure:2972: $? = 0
configure:2960: result: no
configure:2965: checking for suffix of object files
configure:2987: gcc -c   conftest.c >&5
configure:2991: $? = 0
configure:3012: result: o
configure:3016: checking whether we are using the GNU C compiler
configure:3035: gcc -c   conftest.c >&5
configure:3035: $? = 0
configure:3044: result: yes
configure:3053: checking whether gcc accepts -g
configure:3073: gcc -c -g  conftest.c >&5
configure:3073: $? = 0
configure:3114: result: yes
configure:3131: checking for gcc option to accept ISO C89
configure:3194: gcc  -c -g -O2  conftest.c >&5
configure:3194: $? = 0
configure:3207: result: none needed
configure:3232: checking whether gcc understands -c and -o together
configure:3254: gcc -c conftest.c -o conftest2.o
configure:3257: $? = 0
configure:3254: gcc -c conftest.c -o conftest2.o
configure:3257: $? = 0
configure:3269: result: yes
configure:3289: checking whether make supports the include directive
configure:3304: make -f confmf.GNU && cat confinc.out
make[1]: Entering directory '/home/weida/CLionProjects/TME5'
make[1]: Leaving directory '/home/weida/CLionProjects/TME5'
this is the am__doit target
configure:3307: $? = 0
configure:3326: result: yes (GNU style)
configure:3351: checking dependency style of gcc
configure:3462: result: none
configure:3535: checking for g++
configure:3551: found /bin/g++
configure:3562: result: g++
configure:3589: checking for C++ compiler version
configure:3598: g++ --version >&5
g++ (Ubuntu 9.4.0-1ubuntu1~20.04.2) 9.4.0
Copyright (C) 2019 Free Software Foundation, Inc.
This is free software; see the source for copying conditions.  There is NO
warranty; not even for MERCHANTABILITY or FITNESS FOR A PARTICULAR PURPOSE.

configure:3609: $? = 0
configure:3598: g++ -v >&5
Using built-in specs.
COLLECT_GCC=g++
COLLECT_LTO_WRAPPER=/usr/lib/gcc/x86_64-linux-gnu/9/lto-wrapper
OFFLOAD_TARGET_NAMES=nvptx-none:hsa
OFFLOAD_TARGET_DEFAULT=1
Target: x86_64-linux-gnu
Configured with: ../src/configure -v --with-pkgversion='Ubuntu 9.4.0-1ubuntu1~20.04.2' --with-bugurl=file:///usr/share/doc/gcc-9/README.Bugs --enable-languages=c,ada,c++,go,brig,d,fortran,objc,obj-c++,gm2 --prefix=/usr --with-gcc-major-version-only --program-suffix=-9 --program-prefix=x86_64-linux-gnu- --enable-shared --enable-linker-build-id --libexecdir=/usr/lib --without-included-gettext --enable-threads=posix --libdir=/usr/lib --enable-nls --enable-clocale=gnu --enable-libstdcxx-debug --enable-libstdcxx-time=yes --with-default-libstdcxx-abi=new --enable-gnu-unique-object --disable-vtable-verify --enable-plugin --enable-default-pie --with-system-zlib --with-target-system-zlib=auto --enable-objc-gc=auto --enable-multiarch --disable-werror --with-arch-32=i686 --with-abi=m64 --with-multilib-list=m32,m64,mx32 --enable-multilib --with-tune=generic --enable-offload-targets=nvptx-none=/build/gcc-9-9QDOt0/gcc-9-9.4.0/debian/tmp-nvptx/usr,hsa --without-cuda-driver --enable-checking=release --build=x86_64-linux-gnu --host=x86_64-linux-gnu --target=x86_64-linux-gnu
Thread model: posix
gcc version 9.4.0 (Ubuntu 9.4.0-1ubuntu1~20.04.2) 
configure:3609: $? = 0
configure:3598: g++ -V >&5
g++: error: unrecognized command line option '-V'
g++: fatal error: no input files
compilation terminated.
configure:3609: $? = 1
configure:3598: g++ -qversion >&5
g++: error: unrecognized command line option '-qversion'; did you mean '--version'?
g++: fatal error: no input files
compilation terminated.
configure:3609: $? = 1
configure:3613: checking whether we are using the GNU C++ compiler
configure:3632: g++ -c -std=c++1y   conftest.cpp >&5
configure:3632: $? = 0
configure:3641: result: yes
configure:3650: checking whether g++ accepts -g
configure:3670: g++ -c -g  conftest.cpp >&5
configure:3670: $? = 0
configure:3711: result: yes
configure:3736: checking dependency style of g++
configure:3847: result: none
configure:4010: checking that generated files are newer than configure
configure:4016: result: done
configure:4043: creating ./config.status

## ---------------- ##
## Cache variables. ##
## ---------------- ##

ac_cv_c_compiler_gnu=yes
ac_cv_cxx_compiler_gnu=yes
ac_cv_env_CCC_set=
ac_cv_env_CCC_value=
ac_cv_env_CC_set=
ac_cv_env_CC_value=
ac_cv_env_CFLAGS_set=
ac_cv_env_CFLAGS_value=
ac_cv_env_CPPFLAGS_set=
ac_cv_env_CPPFLAGS_value=
ac_cv_env_CXXFLAGS_set=
ac_cv_env_CXXFLAGS_value=
ac_cv_env_CXX_set=
ac_cv_env_CXX_value=
ac_cv_env_LDFLAGS_set=
ac_cv_env_LDFLAGS_value=
ac_cv_env_LIBS_set=
ac_cv_env_LIBS_value=
ac_cv_env_build_alias_set=
ac_cv_env_build_alias_value=
ac_cv_env_host_alias_set=
ac_cv_env_host_alias_value=
ac_cv_env_target_alias_set=
ac_cv_env_target_alias_value=
ac_cv_objext=o
ac_cv_path_install='/bin/install -c'
ac_cv_path_mkdir=/bin/mkdir
ac_cv_prog_AWK=gawk
ac_cv_prog_ac_ct_CC=gcc
ac_cv_prog_ac_ct_CXX=g++
ac_cv_prog_cc_c89=
ac_cv_prog_cc_g=yes
ac_cv_prog_cxx_g=yes
ac_cv_prog_make_make_set=yes
am_cv_CC_dependencies_compiler_type=none
am_cv_CXX_dependencies_compiler_type=none
am_cv_make_support_nested_variables=yes
am_cv_prog_cc_c_o=yes

## ----------------- ##
## Output variables. ##
## ----------------- ##

ACLOCAL='${SHELL} /home/weida/CLionProjects/TME5/missing aclocal-1.16'
AMDEPBACKSLASH='\'
AMDEP_FALSE='#'
AMDEP_TRUE=''
AMTAR='$${TAR-tar}'
AM_BACKSLASH='\'
AM_DEFAULT_V='$(AM_DEFAULT_VERBOSITY)'
AM_DEFAULT_VERBOSITY='1'
AM_V='$(V)'
AUTOCONF='${SHELL} /home/weida/CLionProjects/TME5/missing autoconf'
AUTOHEADER='${SHELL} /home/weida/CLionProjects/TME5/missing autoheader'
AUTOMAKE='${SHELL} /home/weida/CLionProjects/TME5/missing automake-1.16'
AWK='gawk'
CC='gcc'
CCDEPMODE='depmode=none'
CFLAGS='-g -O2'
CPPFLAGS=''
CXX='g++'
CXXDEPMODE='depmode=none'
CXXFLAGS='-std=c++1y '
CYGPATH_W=''
DEFS='-DPACKAGE_NAME=\"PR\" -DPACKAGE_TARNAME=\"pr\" -DPACKAGE_VERSION=\"0.0.1\" -DPACKAGE_STRING=\"PR\ 0.0.1\" -DPACKAGE_BUGREPORT=\"bugs@bugs.org\" -DPACKAGE_URL=\"\" -DPACKAGE=\"pr\" -DVERSION=\"0.0.1\"'
DEPDIR='.deps'
ECHO_C=''
ECHO_N='-n'
ECHO_T=''
EXEEXT=''
INSTALL_DATA='${INSTALL} -m 644'
INSTALL_PROGRAM='${INSTALL}'
INSTALL_SCRIPT='${INSTALL}'
INSTALL_STRIP_PROGRAM='$(install_sh) -c -s'
LDFLAGS=''
LIBOBJS=''
LIBS=''
LTLIBOBJS=''
MAKEINFO='${SHELL} /home/weida/CLionProjects/TME5/missing makeinfo'
MKDIR_P='/bin/mkdir -p'
OBJEXT='o'
PACKAGE='pr'
PACKAGE_BUGREPORT='bugs@bugs.org'
PACKAGE_NAME='PR'
PACKAGE_STRING='PR 0.0.1'
PACKAGE_TARNAME='pr'
PACKAGE_URL=''
PACKAGE_VERSION='0.0.1'
PATH_SEPARATOR=':'
SET_MAKE=''
SHELL='/bin/bash'
STRIP=''
VERSION='0.0.1'
ac_ct_CC='gcc'
ac_ct_CXX='g++'
am__EXEEXT_FALSE=''
am__EXEEXT_TRUE='#'
am__fastdepCC_FALSE=''
am__fastdepCC_TRUE='#'
am__fastdepCXX_FALSE=''
am__fastdepCXX_TRUE='#'
am__include='include'
am__isrc=''
am__leading_dot='.'
am__nodep='_no'
am__quote=''
am__tar='$${TAR-tar} chof - "$$tardir"'
am__untar='$${TAR-tar} xf -'
bindir='${exec_prefix}/bin'
build_alias=''
datadir='${datarootdir}'
datarootdir='${prefix}/share'
docdir='${datarootdir}/doc/${PACKAGE_TARNAME}'
dvidir='${docdir}'
exec_prefix='${prefix}'
host_alias=''
htmldir='${docdir}'
includedir='${prefix}/include'
infodir='${datarootdir}/info'
install_sh='${SHELL} /home/weida/CLionProjects/TME5/install-sh'
libdir='${exec_prefix}/lib'
libexecdir='${exec_prefix}/libexec'
localedir='${datarootdir}/locale'
localstatedir='${prefix}/var'
mandir='${datarootdir}/man'
mkdir_p='$(MKDIR_P)'
oldincludedir='/usr/include'
pdfdir='${docdir}'
prefix='/usr/local'
program_transform_name='s,x,x,'
psdir='${docdir}'
runstatedir='${localstatedir}/run'
sbindir='${exec_prefix}/sbin'
sharedstatedir='${prefix}/com'
sysconfdir='${prefix}/etc'
target_alias=''

## ----------- ##
## confdefs.h. ##
## ----------- ##

/* confdefs.h */
#define PACKAGE_NAME "PR"
#define PACKAGE_TARNAME "pr"
#define PACKAGE_VERSION "0.0.1"
#define PACKAGE_STRING "PR 0.0.1"
#define PACKAGE_BUGREPORT "bugs@bugs.org"
#define PACKAGE_URL ""
#define PACKAGE "pr"
#define VERSION "0.0.1"

configure: exit 0

## ---------------------- ##
## Running config.status. ##
## ---------------------- ##

This file was extended by PR config.status 0.0.1, which was
generated by GNU Autoconf 2.69.  Invocation command line was

  CONFIG_FILES    = 
  CONFIG_HEADERS  = 
  CONFIG_LINKS    = 
  CONFIG_COMMANDS = 
  $ ./config.status 

on yoga-de-weida

config.status:776: creating Makefile
config.status:776: creating src/Makefile
config.status:948: executing depfiles commands
config.status:1025: cd src       && sed -e '/# am--include-marker/d' Makefile         | make -f - am--depfiles
make[1]: Entering directory '/home/weida/CLionProjects/TME5/src'
make[1]: Nothing to be done for 'am--depfiles'.
make[1]: Leaving directory '/home/weida/CLionProjects/TME5/src'
config.status:1030: $? = 0
